mode: atomic
/Users/Joe/Documents/code/marsrover/pkg/missioncontrol/api.go:0.0,0.0 0 0
/Users/Joe/Documents/code/marsrover/pkg/missioncontrol/errors.go:0.0,0.0 0 0
/Users/Joe/Documents/code/marsrover/pkg/spatial/direction.go:0.0,0.0 0 0
/Users/Joe/Documents/code/marsrover/pkg/spatial/doc.go:0.0,0.0 0 0
/Users/Joe/Documents/code/marsrover/pkg/spatial/heading.go:0.0,0.0 0 0
/Users/Joe/Documents/code/marsrover/pkg/spatial/point.go:0.0,0.0 0 0
github.com/jecolasurdo/marsrover/pkg/environment/plateau.go:100.43,101.34 1 17
github.com/jecolasurdo/marsrover/pkg/environment/plateau.go:101.34,102.40 1 19
github.com/jecolasurdo/marsrover/pkg/environment/plateau.go:102.40,107.5 1 11
github.com/jecolasurdo/marsrover/pkg/environment/plateau.go:110.2,110.19 1 18
github.com/jecolasurdo/marsrover/pkg/environment/plateau.go:124.106,126.16 2 2
github.com/jecolasurdo/marsrover/pkg/environment/plateau.go:126.16,128.3 1 1
github.com/jecolasurdo/marsrover/pkg/environment/plateau.go:130.2,130.48 1 1
github.com/jecolasurdo/marsrover/pkg/environment/plateau.go:130.48,131.41 1 0
github.com/jecolasurdo/marsrover/pkg/environment/plateau.go:131.41,132.42 1 0
github.com/jecolasurdo/marsrover/pkg/environment/plateau.go:132.42,134.5 1 0
github.com/jecolasurdo/marsrover/pkg/environment/plateau.go:135.4,135.9 1 0
github.com/jecolasurdo/marsrover/pkg/environment/plateau.go:138.2,138.24 1 1
github.com/jecolasurdo/marsrover/pkg/environment/plateau.go:141.71,143.36 1 29
github.com/jecolasurdo/marsrover/pkg/environment/plateau.go:143.36,145.3 1 9
github.com/jecolasurdo/marsrover/pkg/environment/plateau.go:146.2,146.12 1 20
github.com/jecolasurdo/marsrover/pkg/environment/plateau.go:151.70,152.51 1 2
github.com/jecolasurdo/marsrover/pkg/environment/plateau.go:152.51,154.50 2 3
github.com/jecolasurdo/marsrover/pkg/environment/plateau.go:154.50,155.42 1 3
github.com/jecolasurdo/marsrover/pkg/environment/plateau.go:155.42,157.5 1 1
github.com/jecolasurdo/marsrover/pkg/environment/plateau.go:159.3,159.41 1 3
github.com/jecolasurdo/marsrover/pkg/environment/plateau.go:159.41,161.4 1 2
github.com/jecolasurdo/marsrover/pkg/environment/plateau.go:161.9,163.4 1 1
github.com/jecolasurdo/marsrover/pkg/environment/plateau.go:171.96,172.56 1 17
github.com/jecolasurdo/marsrover/pkg/environment/plateau.go:172.56,175.3 2 2
github.com/jecolasurdo/marsrover/pkg/environment/plateau.go:175.8,177.3 1 15
github.com/jecolasurdo/marsrover/pkg/environment/plateau.go:20.62,25.2 1 24
github.com/jecolasurdo/marsrover/pkg/environment/plateau.go:28.49,30.2 1 1
github.com/jecolasurdo/marsrover/pkg/environment/plateau.go:49.90,50.19 1 21
github.com/jecolasurdo/marsrover/pkg/environment/plateau.go:50.19,52.3 1 1
github.com/jecolasurdo/marsrover/pkg/environment/plateau.go:54.2,55.16 2 20
github.com/jecolasurdo/marsrover/pkg/environment/plateau.go:55.16,57.3 1 4
github.com/jecolasurdo/marsrover/pkg/environment/plateau.go:59.2,59.45 1 16
github.com/jecolasurdo/marsrover/pkg/environment/plateau.go:59.45,61.3 1 1
github.com/jecolasurdo/marsrover/pkg/environment/plateau.go:63.2,64.12 2 15
github.com/jecolasurdo/marsrover/pkg/environment/plateau.go:69.96,70.19 1 8
github.com/jecolasurdo/marsrover/pkg/environment/plateau.go:70.19,72.3 1 1
github.com/jecolasurdo/marsrover/pkg/environment/plateau.go:74.2,75.16 2 7
github.com/jecolasurdo/marsrover/pkg/environment/plateau.go:75.16,77.3 1 4
github.com/jecolasurdo/marsrover/pkg/environment/plateau.go:79.2,80.12 2 3
github.com/jecolasurdo/marsrover/pkg/environment/plateau.go:80.12,82.3 1 1
github.com/jecolasurdo/marsrover/pkg/environment/plateau.go:84.2,87.12 3 2
github.com/jecolasurdo/marsrover/pkg/environment/plateau.go:92.74,94.2 1 2
github.com/jecolasurdo/marsrover/pkg/environment/plateau.go:99.106,100.43 1 29
github.com/jecolasurdo/marsrover/pkg/environment/plateauerrors.go:11.27,13.2 1 4
github.com/jecolasurdo/marsrover/pkg/environment/plateauerrors.go:17.64,19.2 1 2
github.com/jecolasurdo/marsrover/pkg/environment/plateauerrors.go:22.63,24.2 1 2
github.com/jecolasurdo/marsrover/pkg/environment/plateauerrors.go:28.61,30.2 1 18
github.com/jecolasurdo/marsrover/pkg/objects/rover.go:112.30,114.12 2 7
github.com/jecolasurdo/marsrover/pkg/objects/rover.go:114.12,116.3 1 1
github.com/jecolasurdo/marsrover/pkg/objects/rover.go:118.2,119.19 2 6
github.com/jecolasurdo/marsrover/pkg/objects/rover.go:120.28,121.18 1 3
github.com/jecolasurdo/marsrover/pkg/objects/rover.go:122.27,123.18 1 1
github.com/jecolasurdo/marsrover/pkg/objects/rover.go:124.28,125.18 1 1
github.com/jecolasurdo/marsrover/pkg/objects/rover.go:126.27,127.18 1 1
github.com/jecolasurdo/marsrover/pkg/objects/rover.go:130.2,131.16 2 6
github.com/jecolasurdo/marsrover/pkg/objects/rover.go:131.16,133.3 1 0
github.com/jecolasurdo/marsrover/pkg/objects/rover.go:135.14,137.3 1 1
github.com/jecolasurdo/marsrover/pkg/objects/rover.go:135.2,135.14 1 6
github.com/jecolasurdo/marsrover/pkg/objects/rover.go:139.2,139.45 1 5
github.com/jecolasurdo/marsrover/pkg/objects/rover.go:28.127,30.16 2 21
github.com/jecolasurdo/marsrover/pkg/objects/rover.go:30.16,32.3 1 0
github.com/jecolasurdo/marsrover/pkg/objects/rover.go:34.14,36.3 1 1
github.com/jecolasurdo/marsrover/pkg/objects/rover.go:34.2,34.14 1 21
github.com/jecolasurdo/marsrover/pkg/objects/rover.go:38.2,45.16 3 20
github.com/jecolasurdo/marsrover/pkg/objects/rover.go:45.16,47.3 1 1
github.com/jecolasurdo/marsrover/pkg/objects/rover.go:48.2,48.19 1 19
github.com/jecolasurdo/marsrover/pkg/objects/rover.go:52.29,54.2 1 4
github.com/jecolasurdo/marsrover/pkg/objects/rover.go:60.59,62.12 2 2
github.com/jecolasurdo/marsrover/pkg/objects/rover.go:62.12,64.3 1 1
github.com/jecolasurdo/marsrover/pkg/objects/rover.go:65.2,65.38 1 1
github.com/jecolasurdo/marsrover/pkg/objects/rover.go:69.50,71.2 1 9
github.com/jecolasurdo/marsrover/pkg/objects/rover.go:75.60,76.41 1 8
github.com/jecolasurdo/marsrover/pkg/objects/rover.go:76.41,77.39 1 4
github.com/jecolasurdo/marsrover/pkg/objects/rover.go:77.39,79.4 1 1
github.com/jecolasurdo/marsrover/pkg/objects/rover.go:79.9,81.4 1 3
github.com/jecolasurdo/marsrover/pkg/objects/rover.go:82.8,83.40 1 4
github.com/jecolasurdo/marsrover/pkg/objects/rover.go:83.40,85.4 1 1
github.com/jecolasurdo/marsrover/pkg/objects/rover.go:85.9,87.4 1 3
github.com/jecolasurdo/marsrover/pkg/objects/rovererrors.go:11.58,13.2 1 4
github.com/jecolasurdo/marsrover/pkg/objects/rovererrors.go:17.71,19.2 1 4