mode: atomic
github.com/jecolasurdo/marsrover/pkg/environment/plateau.go:100.43,101.34 1 17
github.com/jecolasurdo/marsrover/pkg/environment/plateau.go:101.34,102.40 1 19
github.com/jecolasurdo/marsrover/pkg/environment/plateau.go:102.40,107.5 1 11
github.com/jecolasurdo/marsrover/pkg/environment/plateau.go:110.2,110.19 1 18
github.com/jecolasurdo/marsrover/pkg/environment/plateau.go:124.106,126.16 2 2
github.com/jecolasurdo/marsrover/pkg/environment/plateau.go:126.16,128.3 1 1
github.com/jecolasurdo/marsrover/pkg/environment/plateau.go:130.2,130.48 1 1
github.com/jecolasurdo/marsrover/pkg/environment/plateau.go:130.48,131.41 1 0
github.com/jecolasurdo/marsrover/pkg/environment/plateau.go:131.41,132.42 1 0
github.com/jecolasurdo/marsrover/pkg/environment/plateau.go:132.42,134.5 1 0
github.com/jecolasurdo/marsrover/pkg/environment/plateau.go:135.4,135.9 1 0
github.com/jecolasurdo/marsrover/pkg/environment/plateau.go:138.2,138.24 1 1
github.com/jecolasurdo/marsrover/pkg/environment/plateau.go:141.71,143.36 1 29
github.com/jecolasurdo/marsrover/pkg/environment/plateau.go:143.36,145.3 1 9
github.com/jecolasurdo/marsrover/pkg/environment/plateau.go:146.2,146.12 1 20
github.com/jecolasurdo/marsrover/pkg/environment/plateau.go:151.70,152.51 1 2
github.com/jecolasurdo/marsrover/pkg/environment/plateau.go:152.51,154.50 2 3
github.com/jecolasurdo/marsrover/pkg/environment/plateau.go:154.50,155.42 1 3
github.com/jecolasurdo/marsrover/pkg/environment/plateau.go:155.42,157.5 1 1
github.com/jecolasurdo/marsrover/pkg/environment/plateau.go:159.3,159.41 1 3
github.com/jecolasurdo/marsrover/pkg/environment/plateau.go:159.41,161.4 1 2
github.com/jecolasurdo/marsrover/pkg/environment/plateau.go:161.9,163.4 1 1
github.com/jecolasurdo/marsrover/pkg/environment/plateau.go:171.96,172.56 1 17
github.com/jecolasurdo/marsrover/pkg/environment/plateau.go:172.56,175.3 2 2
github.com/jecolasurdo/marsrover/pkg/environment/plateau.go:175.8,177.3 1 15
github.com/jecolasurdo/marsrover/pkg/environment/plateau.go:20.62,25.2 1 24
github.com/jecolasurdo/marsrover/pkg/environment/plateau.go:28.49,30.2 1 1
github.com/jecolasurdo/marsrover/pkg/environment/plateau.go:49.90,50.19 1 21
github.com/jecolasurdo/marsrover/pkg/environment/plateau.go:50.19,52.3 1 1
github.com/jecolasurdo/marsrover/pkg/environment/plateau.go:54.2,55.16 2 20
github.com/jecolasurdo/marsrover/pkg/environment/plateau.go:55.16,57.3 1 4
github.com/jecolasurdo/marsrover/pkg/environment/plateau.go:59.2,59.45 1 16
github.com/jecolasurdo/marsrover/pkg/environment/plateau.go:59.45,61.3 1 1
github.com/jecolasurdo/marsrover/pkg/environment/plateau.go:63.2,64.12 2 15
github.com/jecolasurdo/marsrover/pkg/environment/plateau.go:69.96,70.19 1 8
github.com/jecolasurdo/marsrover/pkg/environment/plateau.go:70.19,72.3 1 1
github.com/jecolasurdo/marsrover/pkg/environment/plateau.go:74.2,75.16 2 7
github.com/jecolasurdo/marsrover/pkg/environment/plateau.go:75.16,77.3 1 4
github.com/jecolasurdo/marsrover/pkg/environment/plateau.go:79.2,80.12 2 3
github.com/jecolasurdo/marsrover/pkg/environment/plateau.go:80.12,82.3 1 1
github.com/jecolasurdo/marsrover/pkg/environment/plateau.go:84.2,87.12 3 2
github.com/jecolasurdo/marsrover/pkg/environment/plateau.go:92.74,94.2 1 2
github.com/jecolasurdo/marsrover/pkg/environment/plateau.go:99.106,100.43 1 29
github.com/jecolasurdo/marsrover/pkg/environment/plateauerrors.go:11.27,13.2 1 4
github.com/jecolasurdo/marsrover/pkg/environment/plateauerrors.go:17.64,19.2 1 2
github.com/jecolasurdo/marsrover/pkg/environment/plateauerrors.go:22.63,24.2 1 2
github.com/jecolasurdo/marsrover/pkg/environment/plateauerrors.go:28.61,30.2 1 18
github.com/jecolasurdo/marsrover/pkg/missioncontrol/api.go:109.123,110.23 1 2
github.com/jecolasurdo/marsrover/pkg/missioncontrol/api.go:110.23,112.3 1 0
github.com/jecolasurdo/marsrover/pkg/missioncontrol/api.go:114.2,115.16 2 2
github.com/jecolasurdo/marsrover/pkg/missioncontrol/api.go:115.16,117.3 1 0
github.com/jecolasurdo/marsrover/pkg/missioncontrol/api.go:119.2,119.41 1 2
github.com/jecolasurdo/marsrover/pkg/missioncontrol/api.go:137.137,138.23 1 2
github.com/jecolasurdo/marsrover/pkg/missioncontrol/api.go:138.23,140.3 1 0
github.com/jecolasurdo/marsrover/pkg/missioncontrol/api.go:142.2,143.32 2 2
github.com/jecolasurdo/marsrover/pkg/missioncontrol/api.go:143.32,145.3 1 0
github.com/jecolasurdo/marsrover/pkg/missioncontrol/api.go:147.2,148.16 2 2
github.com/jecolasurdo/marsrover/pkg/missioncontrol/api.go:148.16,150.3 1 0
github.com/jecolasurdo/marsrover/pkg/missioncontrol/api.go:152.2,153.16 2 2
github.com/jecolasurdo/marsrover/pkg/missioncontrol/api.go:153.16,155.3 1 0
github.com/jecolasurdo/marsrover/pkg/missioncontrol/api.go:157.2,158.39 2 2
github.com/jecolasurdo/marsrover/pkg/missioncontrol/api.go:158.39,160.3 1 0
github.com/jecolasurdo/marsrover/pkg/missioncontrol/api.go:162.2,163.16 2 2
github.com/jecolasurdo/marsrover/pkg/missioncontrol/api.go:163.16,165.3 1 0
github.com/jecolasurdo/marsrover/pkg/missioncontrol/api.go:167.2,167.33 1 2
github.com/jecolasurdo/marsrover/pkg/missioncontrol/api.go:190.105,193.24 2 2
github.com/jecolasurdo/marsrover/pkg/missioncontrol/api.go:193.24,195.56 2 2
github.com/jecolasurdo/marsrover/pkg/missioncontrol/api.go:195.56,196.32 1 19
github.com/jecolasurdo/marsrover/pkg/missioncontrol/api.go:196.32,198.19 2 11
github.com/jecolasurdo/marsrover/pkg/missioncontrol/api.go:198.19,200.6 1 0
github.com/jecolasurdo/marsrover/pkg/missioncontrol/api.go:201.5,201.13 1 11
github.com/jecolasurdo/marsrover/pkg/missioncontrol/api.go:204.4,205.45 2 8
github.com/jecolasurdo/marsrover/pkg/missioncontrol/api.go:205.45,207.5 1 0
github.com/jecolasurdo/marsrover/pkg/missioncontrol/api.go:209.4,209.34 1 8
github.com/jecolasurdo/marsrover/pkg/missioncontrol/api.go:212.3,214.17 3 2
github.com/jecolasurdo/marsrover/pkg/missioncontrol/api.go:214.17,216.4 1 0
github.com/jecolasurdo/marsrover/pkg/missioncontrol/api.go:219.2,222.24 3 2
github.com/jecolasurdo/marsrover/pkg/missioncontrol/api.go:222.24,224.3 1 1
github.com/jecolasurdo/marsrover/pkg/missioncontrol/api.go:225.2,225.38 1 1
github.com/jecolasurdo/marsrover/pkg/missioncontrol/api.go:23.112,24.46 1 4
github.com/jecolasurdo/marsrover/pkg/missioncontrol/api.go:24.46,25.33 1 2
github.com/jecolasurdo/marsrover/pkg/missioncontrol/api.go:27.2,30.3 1 2
github.com/jecolasurdo/marsrover/pkg/missioncontrol/api.go:38.71,41.16 3 1
github.com/jecolasurdo/marsrover/pkg/missioncontrol/api.go:41.16,43.3 1 0
github.com/jecolasurdo/marsrover/pkg/missioncontrol/api.go:45.2,45.24 1 1
github.com/jecolasurdo/marsrover/pkg/missioncontrol/api.go:45.24,48.17 3 2
github.com/jecolasurdo/marsrover/pkg/missioncontrol/api.go:48.17,50.4 1 0
github.com/jecolasurdo/marsrover/pkg/missioncontrol/api.go:51.3,51.41 1 2
github.com/jecolasurdo/marsrover/pkg/missioncontrol/api.go:54.2,54.24 1 1
github.com/jecolasurdo/marsrover/pkg/missioncontrol/api.go:69.109,70.24 1 1
github.com/jecolasurdo/marsrover/pkg/missioncontrol/api.go:70.24,72.3 1 0
github.com/jecolasurdo/marsrover/pkg/missioncontrol/api.go:74.2,76.22 3 1
github.com/jecolasurdo/marsrover/pkg/missioncontrol/api.go:76.22,78.3 1 0
github.com/jecolasurdo/marsrover/pkg/missioncontrol/api.go:80.2,81.16 2 1
github.com/jecolasurdo/marsrover/pkg/missioncontrol/api.go:81.16,83.3 1 0
github.com/jecolasurdo/marsrover/pkg/missioncontrol/api.go:85.2,86.16 2 1
github.com/jecolasurdo/marsrover/pkg/missioncontrol/api.go:86.16,88.3 1 0
github.com/jecolasurdo/marsrover/pkg/missioncontrol/api.go:90.2,92.31 2 1
github.com/jecolasurdo/marsrover/pkg/missioncontrol/errors.go:12.47,14.2 1 0
github.com/jecolasurdo/marsrover/pkg/missioncontrol/errors.go:6.53,8.2 1 0
github.com/jecolasurdo/marsrover/pkg/objects/rover.go:112.30,114.12 2 7
github.com/jecolasurdo/marsrover/pkg/objects/rover.go:114.12,116.3 1 1
github.com/jecolasurdo/marsrover/pkg/objects/rover.go:118.2,119.19 2 6
github.com/jecolasurdo/marsrover/pkg/objects/rover.go:120.28,121.18 1 3
github.com/jecolasurdo/marsrover/pkg/objects/rover.go:122.27,123.18 1 1
github.com/jecolasurdo/marsrover/pkg/objects/rover.go:124.28,125.18 1 1
github.com/jecolasurdo/marsrover/pkg/objects/rover.go:126.27,127.18 1 1
github.com/jecolasurdo/marsrover/pkg/objects/rover.go:130.2,131.16 2 6
github.com/jecolasurdo/marsrover/pkg/objects/rover.go:131.16,133.3 1 0
github.com/jecolasurdo/marsrover/pkg/objects/rover.go:135.14,137.3 1 1
github.com/jecolasurdo/marsrover/pkg/objects/rover.go:135.2,135.14 1 6
github.com/jecolasurdo/marsrover/pkg/objects/rover.go:139.2,139.45 1 5
github.com/jecolasurdo/marsrover/pkg/objects/rover.go:28.127,30.16 2 21
github.com/jecolasurdo/marsrover/pkg/objects/rover.go:30.16,32.3 1 0
github.com/jecolasurdo/marsrover/pkg/objects/rover.go:34.14,36.3 1 1
github.com/jecolasurdo/marsrover/pkg/objects/rover.go:34.2,34.14 1 21
github.com/jecolasurdo/marsrover/pkg/objects/rover.go:38.2,45.16 3 20
github.com/jecolasurdo/marsrover/pkg/objects/rover.go:45.16,47.3 1 1
github.com/jecolasurdo/marsrover/pkg/objects/rover.go:48.2,48.19 1 19
github.com/jecolasurdo/marsrover/pkg/objects/rover.go:52.29,54.2 1 4
github.com/jecolasurdo/marsrover/pkg/objects/rover.go:60.59,62.12 2 2
github.com/jecolasurdo/marsrover/pkg/objects/rover.go:62.12,64.3 1 1
github.com/jecolasurdo/marsrover/pkg/objects/rover.go:65.2,65.38 1 1
github.com/jecolasurdo/marsrover/pkg/objects/rover.go:69.50,71.2 1 9
github.com/jecolasurdo/marsrover/pkg/objects/rover.go:75.60,76.41 1 8
github.com/jecolasurdo/marsrover/pkg/objects/rover.go:76.41,77.39 1 4
github.com/jecolasurdo/marsrover/pkg/objects/rover.go:77.39,79.4 1 1
github.com/jecolasurdo/marsrover/pkg/objects/rover.go:79.9,81.4 1 3
github.com/jecolasurdo/marsrover/pkg/objects/rover.go:82.8,83.40 1 4
github.com/jecolasurdo/marsrover/pkg/objects/rover.go:83.40,85.4 1 1
github.com/jecolasurdo/marsrover/pkg/objects/rover.go:85.9,87.4 1 3
github.com/jecolasurdo/marsrover/pkg/objects/rovererrors.go:11.58,13.2 1 4
github.com/jecolasurdo/marsrover/pkg/objects/rovererrors.go:17.71,19.2 1 4
github.com/jecolasurdo/marsrover/pkg/spatial/direction.go:15.46,16.11 1 0
github.com/jecolasurdo/marsrover/pkg/spatial/direction.go:17.11,18.23 1 0
github.com/jecolasurdo/marsrover/pkg/spatial/direction.go:19.11,20.24 1 0
github.com/jecolasurdo/marsrover/pkg/spatial/direction.go:21.10,22.26 1 0
github.com/jecolasurdo/marsrover/pkg/spatial/heading.go:24.42,25.11 1 0
github.com/jecolasurdo/marsrover/pkg/spatial/heading.go:26.11,27.22 1 0
github.com/jecolasurdo/marsrover/pkg/spatial/heading.go:28.11,29.21 1 0
github.com/jecolasurdo/marsrover/pkg/spatial/heading.go:30.11,31.22 1 0
github.com/jecolasurdo/marsrover/pkg/spatial/heading.go:32.11,33.21 1 0
github.com/jecolasurdo/marsrover/pkg/spatial/heading.go:34.10,35.24 1 0
github.com/jecolasurdo/marsrover/pkg/spatial/heading.go:40.40,41.11 1 0
github.com/jecolasurdo/marsrover/pkg/spatial/heading.go:42.20,43.13 1 0
github.com/jecolasurdo/marsrover/pkg/spatial/heading.go:44.19,45.13 1 0
github.com/jecolasurdo/marsrover/pkg/spatial/heading.go:46.20,47.13 1 0
github.com/jecolasurdo/marsrover/pkg/spatial/heading.go:48.19,49.13 1 0
github.com/jecolasurdo/marsrover/pkg/spatial/heading.go:50.10,51.12 1 0
github.com/jecolasurdo/marsrover/pkg/spatial/point.go:10.31,15.2 1 0